============================= test session starts ==============================
platform darwin -- Python 3.11.0, pytest-9.0.3, pluggy-1.6.0 -- /Library/Frameworks/Python.framework/Versions/3.11/bin/python3
cachedir: .pytest_cache
rootdir: /Users/giovannidornelasferreira/Documents/maker_foudation26.2
plugins: cov-7.1.0, anyio-4.9.0
collecting ... collected 6 items

Giovanni_Dornelas/Semana4/test_bilheteria.py::test_gratuidade_bebe PASSED [ 16%]
Giovanni_Dornelas/Semana4/test_bilheteria.py::test_meia_jovem PASSED     [ 33%]
Giovanni_Dornelas/Semana4/test_bilheteria.py::test_inteira PASSED        [ 50%]
Giovanni_Dornelas/Semana4/test_bilheteria.py::test_meia_idoso FAILED     [ 66%]
Giovanni_Dornelas/Semana4/test_bilheteria.py::test_idade_negativa FAILED [ 83%]
Giovanni_Dornelas/Semana4/test_bilheteria.py::test_idade_acima_limite PASSED [100%]

=================================== FAILURES ===================================
_______________________________ test_meia_idoso ________________________________

    def test_meia_idoso():
>       assert calcular_ingresso(60) == 20.0
E       assert 40.0 == 20.0
E        +  where 40.0 = calcular_ingresso(60)

Giovanni_Dornelas/Semana4/test_bilheteria.py:17: AssertionError
_____________________________ test_idade_negativa ______________________________

    def test_idade_negativa():
>       with pytest.raises(ValueError):
E       Failed: DID NOT RAISE <class 'ValueError'>

Giovanni_Dornelas/Semana4/test_bilheteria.py:21: Failed
=========================== short test summary info ============================
FAILED Giovanni_Dornelas/Semana4/test_bilheteria.py::test_meia_idoso - assert...
FAILED Giovanni_Dornelas/Semana4/test_bilheteria.py::test_idade_negativa - Fa...
========================= 2 failed, 4 passed in 0.02s ==========================
